<?xml version="1.0" encoding="UTF-8"?>
<!-- Generated by org.testng.reporters.JUnitXMLReporter -->
<testsuite ignored="0" hostname="DESKTOP-5NKPDT3" failures="0" tests="8" name="Test" time="31.311" errors="0" timestamp="2024-05-15T22:43:55 IST">
  <testcase classname="Selenium.Browser_Open" name="Open_browser" time="13.525"/>
  <testcase classname="Maven_One.Class_two" name="Open_browser_Two" time="14.771"/>
  <testcase classname="Maven_One.Class_One" name="Open_browser_One" time="15.053"/>
  <testcase classname="Maven_Two.Class_Three" name="Open_browser_Three" time="15.325"/>
  <testcase classname="Test_NG.Test_NG_annotations" name="Open_Browser_Five" time="4.234"/>
  <testcase classname="Test_NG.Test_NG_annotations" name="Open_Browser_Four" time="4.1"/>
  <testcase classname="Test_NG.Test_NG_annotations" name="Open_Browser_One" time="3.509"/>
  <testcase classname="Test_NG.Test_NG_annotations" name="Open_Browser_Two" time="4.02"/>
</testsuite> <!-- Test -->
