<?xml version="1.0" encoding="UTF-8"?>
<testng-results ignored="0" total="1" passed="1" failed="0" skipped="0">
  <reporter-output>
  </reporter-output>
  <suite started-at="2024-05-15T23:02:17 IST" name="Default suite" finished-at="2024-05-15T23:02:22 IST" duration-ms="4524">
    <groups>
    </groups>
    <test started-at="2024-05-15T23:02:17 IST" name="Default test" finished-at="2024-05-15T23:02:22 IST" duration-ms="4524">
      <class name="Selenium.Screen_Shot">
        <test-method signature="Open_browser()[pri:0, instance:Selenium.Screen_Shot@77888435]" started-at="2024-05-15T23:02:17 IST" name="Open_browser" finished-at="2024-05-15T23:02:22 IST" duration-ms="4464" status="PASS">
          <reporter-output>
          </reporter-output>
        </test-method> <!-- Open_browser -->
      </class> <!-- Selenium.Screen_Shot -->
    </test> <!-- Default test -->
  </suite> <!-- Default suite -->
</testng-results>
